<Event><System><Provider Name="Linux-Sysmon" Guid="{ff032593-a8d3-4f13-b0d6-01fc615a0f97}"/><EventID>1</EventID><Version>5</Version><Level>4</Level><Task>1</Task><Opcode>0</Opcode><Keywords>0x8000000000000000</Keywords><TimeCreated SystemTime="2022-08-09T10:44:20.003349000Z"/><EventRecordID>1935235</EventRecordID><Correlation/><Execution ProcessID="1465" ThreadID="1465"/><Channel>Linux-Sysmon/Operational</Channel><Computer>ar-linux</Computer><Security UserId="0"/></System><EventData><Data Name="RuleName">-</Data><Data Name="UtcTime">2022-08-09 10:44:20.007</Data><Data Name="ProcessGuid">{ec23eae3-3a84-62f2-9040-c3d67b550000}</Data><Data Name="ProcessId">10319</Data><Data Name="Image">/usr/bin/find</Data><Data Name="FileVersion">-</Data><Data Name="Description">-</Data><Data Name="Product">-</Data><Data Name="Company">-</Data><Data Name="OriginalFileName">-</Data><Data Name="CommandLine">find . -exec /bin/sh ; -quit</Data><Data Name="CurrentDirectory">/home/ubuntu</Data><Data Name="User">root</Data><Data Name="LogonGuid">{ec23eae3-0000-0000-0000-000000000000}</Data><Data Name="LogonId">0</Data><Data Name="TerminalSessionId">13</Data><Data Name="IntegrityLevel">no level</Data><Data Name="Hashes">-</Data><Data Name="ParentProcessGuid">{ec23eae3-3a83-62f2-08de-2f74d9550000}</Data><Data Name="ParentProcessId">10318</Data><Data Name="ParentImage">/usr/bin/sudo</Data><Data Name="ParentCommandLine">sudo</Data><Data Name="ParentUser">ubuntu</Data></EventData></Event>
<Event><System><Provider Name="Linux-Sysmon" Guid="{ff032593-a8d3-4f13-b0d6-01fc615a0f97}"/><EventID>1</EventID><Version>5</Version><Level>4</Level><Task>1</Task><Opcode>0</Opcode><Keywords>0x8000000000000000</Keywords><TimeCreated SystemTime="2022-08-09T10:44:19.989455000Z"/><EventRecordID>1935199</EventRecordID><Correlation/><Execution ProcessID="1465" ThreadID="1465"/><Channel>Linux-Sysmon/Operational</Channel><Computer>ar-linux</Computer><Security UserId="0"/></System><EventData><Data Name="RuleName">-</Data><Data Name="UtcTime">2022-08-09 10:44:19.997</Data><Data Name="ProcessGuid">{ec23eae3-3a83-62f2-08de-2f74d9550000}</Data><Data Name="ProcessId">10318</Data><Data Name="Image">/usr/bin/sudo</Data><Data Name="FileVersion">-</Data><Data Name="Description">-</Data><Data Name="Product">-</Data><Data Name="Company">-</Data><Data Name="OriginalFileName">-</Data><Data Name="CommandLine">sudo find . -exec /bin/sh ; -quit</Data><Data Name="CurrentDirectory">/home/ubuntu</Data><Data Name="User">ubuntu</Data><Data Name="LogonGuid">{ec23eae3-315b-62f2-e803-000000000000}</Data><Data Name="LogonId">1000</Data><Data Name="TerminalSessionId">13</Data><Data Name="IntegrityLevel">no level</Data><Data Name="Hashes">-</Data><Data Name="ParentProcessGuid">{ec23eae3-315b-62f2-4884-4ea587550000}</Data><Data Name="ParentProcessId">15369</Data><Data Name="ParentImage">/bin/bash</Data><Data Name="ParentCommandLine">-bash</Data><Data Name="ParentUser">ubuntu</Data></EventData></Event>
<Event><System><Provider Name="Linux-Sysmon" Guid="{ff032593-a8d3-4f13-b0d6-01fc615a0f97}"/><EventID>1</EventID><Version>5</Version><Level>4</Level><Task>1</Task><Opcode>0</Opcode><Keywords>0x8000000000000000</Keywords><TimeCreated SystemTime="2022-08-09T10:44:17.156356000Z"/><EventRecordID>1935038</EventRecordID><Correlation/><Execution ProcessID="1465" ThreadID="1465"/><Channel>Linux-Sysmon/Operational</Channel><Computer>ar-linux</Computer><Security UserId="0"/></System><EventData><Data Name="RuleName">-</Data><Data Name="UtcTime">2022-08-09 10:44:17.161</Data><Data Name="ProcessGuid">{ec23eae3-3a81-62f2-90f0-7bd54f560000}</Data><Data Name="ProcessId">10316</Data><Data Name="Image">/usr/bin/find</Data><Data Name="FileVersion">-</Data><Data Name="Description">-</Data><Data Name="Product">-</Data><Data Name="Company">-</Data><Data Name="OriginalFileName">-</Data><Data Name="CommandLine">find . -exec /bin/sh ; -quit</Data><Data Name="CurrentDirectory">/home/ubuntu</Data><Data Name="User">root</Data><Data Name="LogonGuid">{ec23eae3-0000-0000-0000-000000000000}</Data><Data Name="LogonId">0</Data><Data Name="TerminalSessionId">13</Data><Data Name="IntegrityLevel">no level</Data><Data Name="Hashes">-</Data><Data Name="ParentProcessGuid">{ec23eae3-3a81-62f2-080e-830815560000}</Data><Data Name="ParentProcessId">10315</Data><Data Name="ParentImage">/usr/bin/sudo</Data><Data Name="ParentCommandLine">sudo</Data><Data Name="ParentUser">ubuntu</Data></EventData></Event>
<Event><System><Provider Name="Linux-Sysmon" Guid="{ff032593-a8d3-4f13-b0d6-01fc615a0f97}"/><EventID>1</EventID><Version>5</Version><Level>4</Level><Task>1</Task><Opcode>0</Opcode><Keywords>0x8000000000000000</Keywords><TimeCreated SystemTime="2022-08-09T10:44:17.146893000Z"/><EventRecordID>1935030</EventRecordID><Correlation/><Execution ProcessID="1465" ThreadID="1465"/><Channel>Linux-Sysmon/Operational</Channel><Computer>ar-linux</Computer><Security UserId="0"/></System><EventData><Data Name="RuleName">-</Data><Data Name="UtcTime">2022-08-09 10:44:17.151</Data><Data Name="ProcessGuid">{ec23eae3-3a81-62f2-080e-830815560000}</Data><Data Name="ProcessId">10315</Data><Data Name="Image">/usr/bin/sudo</Data><Data Name="FileVersion">-</Data><Data Name="Description">-</Data><Data Name="Product">-</Data><Data Name="Company">-</Data><Data Name="OriginalFileName">-</Data><Data Name="CommandLine">sudo find . -exec /bin/sh ; -quit</Data><Data Name="CurrentDirectory">/home/ubuntu</Data><Data Name="User">ubuntu</Data><Data Name="LogonGuid">{ec23eae3-315b-62f2-e803-000000000000}</Data><Data Name="LogonId">1000</Data><Data Name="TerminalSessionId">13</Data><Data Name="IntegrityLevel">no level</Data><Data Name="Hashes">-</Data><Data Name="ParentProcessGuid">{ec23eae3-315b-62f2-4884-4ea587550000}</Data><Data Name="ParentProcessId">15369</Data><Data Name="ParentImage">/bin/bash</Data><Data Name="ParentCommandLine">-bash</Data><Data Name="ParentUser">ubuntu</Data></EventData></Event>
<Event><System><Provider Name="Linux-Sysmon" Guid="{ff032593-a8d3-4f13-b0d6-01fc615a0f97}"/><EventID>1</EventID><Version>5</Version><Level>4</Level><Task>1</Task><Opcode>0</Opcode><Keywords>0x8000000000000000</Keywords><TimeCreated SystemTime="2022-08-09T10:44:13.936896000Z"/><EventRecordID>1934931</EventRecordID><Correlation/><Execution ProcessID="1465" ThreadID="1465"/><Channel>Linux-Sysmon/Operational</Channel><Computer>ar-linux</Computer><Security UserId="0"/></System><EventData><Data Name="RuleName">-</Data><Data Name="UtcTime">2022-08-09 10:44:13.944</Data><Data Name="ProcessGuid">{ec23eae3-3a7d-62f2-90a0-c7ba55550000}</Data><Data Name="ProcessId">10313</Data><Data Name="Image">/usr/bin/find</Data><Data Name="FileVersion">-</Data><Data Name="Description">-</Data><Data Name="Product">-</Data><Data Name="Company">-</Data><Data Name="OriginalFileName">-</Data><Data Name="CommandLine">find . -exec /bin/sh ; -quit</Data><Data Name="CurrentDirectory">/home/ubuntu</Data><Data Name="User">root</Data><Data Name="LogonGuid">{ec23eae3-0000-0000-0000-000000000000}</Data><Data Name="LogonId">0</Data><Data Name="TerminalSessionId">13</Data><Data Name="IntegrityLevel">no level</Data><Data Name="Hashes">-</Data><Data Name="ParentProcessGuid">{ec23eae3-3a7d-62f2-08de-c76392550000}</Data><Data Name="ParentProcessId">10312</Data><Data Name="ParentImage">/usr/bin/sudo</Data><Data Name="ParentCommandLine">sudo</Data><Data Name="ParentUser">ubuntu</Data></EventData></Event>
<Event><System><Provider Name="Linux-Sysmon" Guid="{ff032593-a8d3-4f13-b0d6-01fc615a0f97}"/><EventID>1</EventID><Version>5</Version><Level>4</Level><Task>1</Task><Opcode>0</Opcode><Keywords>0x8000000000000000</Keywords><TimeCreated SystemTime="2022-08-09T10:44:13.924382000Z"/><EventRecordID>1934924</EventRecordID><Correlation/><Execution ProcessID="1465" ThreadID="1465"/><Channel>Linux-Sysmon/Operational</Channel><Computer>ar-linux</Computer><Security UserId="0"/></System><EventData><Data Name="RuleName">-</Data><Data Name="UtcTime">2022-08-09 10:44:13.932</Data><Data Name="ProcessGuid">{ec23eae3-3a7d-62f2-08de-c76392550000}</Data><Data Name="ProcessId">10312</Data><Data Name="Image">/usr/bin/sudo</Data><Data Name="FileVersion">-</Data><Data Name="Description">-</Data><Data Name="Product">-</Data><Data Name="Company">-</Data><Data Name="OriginalFileName">-</Data><Data Name="CommandLine">sudo find . -exec /bin/sh ; -quit</Data><Data Name="CurrentDirectory">/home/ubuntu</Data><Data Name="User">ubuntu</Data><Data Name="LogonGuid">{ec23eae3-315b-62f2-e803-000000000000}</Data><Data Name="LogonId">1000</Data><Data Name="TerminalSessionId">13</Data><Data Name="IntegrityLevel">no level</Data><Data Name="Hashes">-</Data><Data Name="ParentProcessGuid">{ec23eae3-315b-62f2-4884-4ea587550000}</Data><Data Name="ParentProcessId">15369</Data><Data Name="ParentImage">/bin/bash</Data><Data Name="ParentCommandLine">-bash</Data><Data Name="ParentUser">ubuntu</Data></EventData></Event>
